execve("/usr/bin/curl", ["curl", "http://www.thatonewebpage.com/~j"..., "2"], [/* 34 vars */]) = 0
mmap(NULL, 2278280, PROT_READ|PROT_EXEC, MAP_PRIVATE|MAP_DENYWRITE, 3, 0) = 0x2b894c8a9000
mprotect(0x2b894c9cc000, 1048576, PROT_NONE) = 0
mmap(0x2b894cacc000, 20480, PROT_READ|PROT_WRITE, MAP_PRIVATE|MAP_FIXED|MAP_DENYWRITE, 3, 0x123000) = 0x2b894cacc000
mmap(0x2b894cad1000, 17288, PROT_READ|PROT_WRITE, MAP_PRIVATE|MAP_FIXED|MAP_ANONYMOUS, -1, 0) = 0x2b894cad1000
close(3)                                = 0
mmap(NULL, 4096, PROT_READ|PROT_WRITE, MAP_PRIVATE|MAP_ANONYMOUS, -1, 0) = 0x2b894cad6000
mmap(NULL, 4096, PROT_READ|PROT_WRITE, MAP_PRIVATE|MAP_ANONYMOUS, -1, 0) = 0x2b894cad7000
arch_prctl(ARCH_SET_FS, 0x2b894cad6f50) = 0
mprotect(0x2b894cacc000, 12288, PROT_READ) = 0
mprotect(0x2b894c1e1000, 4096, PROT_READ) = 0
munmap(0x2b894c0e3000, 94715)           = 0
pipe([3, 4])                            = 0
close(3)                                = 0
close(4)                                = 0
brk(0)                                  = 0x517000
brk(0x538000)                           = 0x538000
getpid()                                = 4104
open("/home/jeff/.curlrc", O_RDONLY)    = -1 ENOENT (No such file or directory)
ioctl(1, SNDCTL_TMR_TIMEBASE or TCGETS, 0x7fff5e9df540) = -1 ENOTTY (Inappropriate ioctl for device)
rt_sigaction(SIGPIPE, {SIG_IGN}, {SIG_DFL}, 8) = 0
rt_sigprocmask(SIG_BLOCK, NULL, [], 8)  = 0
socket(PF_INET6, SOCK_DGRAM, IPPROTO_IP) = 3
close(3)                                = 0
socket(PF_FILE, SOCK_STREAM, 0)         = 3
fcntl(3, F_GETFL)                       = 0x2 (flags O_RDWR)
fcntl(3, F_SETFL, O_RDWR|O_NONBLOCK)    = 0
connect(3, {sa_family=AF_FILE, path="/var/run/nscd/socket"}, 110) = -1 ENOENT (No such file or directory)
close(3)                                = 0
socket(PF_FILE, SOCK_STREAM, 0)         = 3
fcntl(3, F_GETFL)                       = 0x2 (flags O_RDWR)
fcntl(3, F_SETFL, O_RDWR|O_NONBLOCK)    = 0
connect(3, {sa_family=AF_FILE, path="/var/run/nscd/socket"}, 110) = -1 ENOENT (No such file or directory)
close(3)                                = 0
open("/etc/nsswitch.conf", O_RDONLY)    = 3
fstat(3, {st_mode=S_IFREG|0644, st_size=503, ...}) = 0
mmap(NULL, 131072, PROT_READ|PROT_WRITE, MAP_PRIVATE|MAP_ANONYMOUS, -1, 0) = 0x2b894c0fc000
read(3, "# /etc/nsswitch.conf:\n# $Header:"..., 131072) = 503
read(3, "", 131072)                     = 0
close(3)                                = 0
munmap(0x2b894c0fc000, 131072)          = 0
open("/etc/resolv.conf", O_RDONLY)      = 3
fstat(3, {st_mode=S_IFREG|0644, st_size=92, ...}) = 0
mmap(NULL, 131072, PROT_READ|PROT_WRITE, MAP_PRIVATE|MAP_ANONYMOUS, -1, 0) = 0x2b894c0fc000
read(3, "# Generated by dhcpcd for interf"..., 131072) = 92
read(3, "", 131072)                     = 0
close(3)                                = 0
munmap(0x2b894c0fc000, 131072)          = 0
open("/home/jeff/code/common/lib/tls/x86_64/libnss_files.so.2", O_RDONLY) = -1 ENOENT (No such file or directory)
open("/home/jeff/code/common/lib/tls/libnss_files.so.2", O_RDONLY) = -1 ENOENT (No such file or directory)
open("/home/jeff/code/common/lib/x86_64/libnss_files.so.2", O_RDONLY) = -1 ENOENT (No such file or directory)
open("/home/jeff/code/common/lib/libnss_files.so.2", O_RDONLY) = -1 ENOENT (No such file or directory)
open("/etc/ld.so.cache", O_RDONLY)      = 3
fstat(3, {st_mode=S_IFREG|0644, st_size=94715, ...}) = 0
mmap(NULL, 94715, PROT_READ, MAP_PRIVATE, 3, 0) = 0x2b894c0fc000
close(3)                                = 0
open("/lib/libnss_files.so.2", O_RDONLY) = 3
read(3, "\177ELF\2\1\1\0\0\0\0\0\0\0\0\0\3\0>\0\1\0\0\0p#\0\0\0"..., 832) = 832
fstat(3, {st_mode=S_IFREG|0755, st_size=44344, ...}) = 0
mmap(NULL, 1090856, PROT_READ|PROT_EXEC, MAP_PRIVATE|MAP_DENYWRITE, 3, 0) = 0x2b894cad8000
mprotect(0x2b894cae2000, 1044480, PROT_NONE) = 0
mmap(0x2b894cbe1000, 8192, PROT_READ|PROT_WRITE, MAP_PRIVATE|MAP_FIXED|MAP_DENYWRITE, 3, 0x9000) = 0x2b894cbe1000
close(3)                                = 0
munmap(0x2b894c0fc000, 94715)           = 0
open("/etc/hosts", O_RDONLY)            = 3
fcntl(3, F_GETFD)                       = 0
fcntl(3, F_SETFD, FD_CLOEXEC)           = 0
fstat(3, {st_mode=S_IFREG|0644, st_size=518, ...}) = 0
mmap(NULL, 131072, PROT_READ|PROT_WRITE, MAP_PRIVATE|MAP_ANONYMOUS, -1, 0) = 0x2b894c0fc000
read(3, "# /etc/hosts\n#\n# This file descr"..., 131072) = 518
read(3, "", 131072)                     = 0
close(3)                                = 0
munmap(0x2b894c0fc000, 131072)          = 0
open("/etc/hosts", O_RDONLY)            = 3
fcntl(3, F_GETFD)                       = 0
fcntl(3, F_SETFD, FD_CLOEXEC)           = 0
fstat(3, {st_mode=S_IFREG|0644, st_size=518, ...}) = 0
mmap(NULL, 131072, PROT_READ|PROT_WRITE, MAP_PRIVATE|MAP_ANONYMOUS, -1, 0) = 0x2b894c0fc000
read(3, "# /etc/hosts\n#\n# This file descr"..., 131072) = 518
read(3, "", 131072)                     = 0
close(3)                                = 0
munmap(0x2b894c0fc000, 131072)          = 0
open("/home/jeff/code/common/lib/tls/x86_64/libnss_dns.so.2", O_RDONLY) = -1 ENOENT (No such file or directory)
open("/home/jeff/code/common/lib/tls/libnss_dns.so.2", O_RDONLY) = -1 ENOENT (No such file or directory)
open("/home/jeff/code/common/lib/x86_64/libnss_dns.so.2", O_RDONLY) = -1 ENOENT (No such file or directory)
open("/home/jeff/code/common/lib/libnss_dns.so.2", O_RDONLY) = -1 ENOENT (No such file or directory)
open("/etc/ld.so.cache", O_RDONLY)      = 3
fstat(3, {st_mode=S_IFREG|0644, st_size=94715, ...}) = 0
mmap(NULL, 94715, PROT_READ, MAP_PRIVATE, 3, 0) = 0x2b894c0fc000
close(3)                                = 0
open("/lib/libnss_dns.so.2", O_RDONLY)  = 3
read(3, "\177ELF\2\1\1\0\0\0\0\0\0\0\0\0\3\0>\0\1\0\0\0\320\22\0"..., 832) = 832
fstat(3, {st_mode=S_IFREG|0755, st_size=19144, ...}) = 0
mmap(NULL, 1065232, PROT_READ|PROT_EXEC, MAP_PRIVATE|MAP_DENYWRITE, 3, 0) = 0x2b894cbe3000
mprotect(0x2b894cbe7000, 1044480, PROT_NONE) = 0
mmap(0x2b894cce6000, 8192, PROT_READ|PROT_WRITE, MAP_PRIVATE|MAP_FIXED|MAP_DENYWRITE, 3, 0x3000) = 0x2b894cce6000
close(3)                                = 0
open("/home/jeff/code/common/lib/tls/x86_64/libresolv.so.2", O_RDONLY) = -1 ENOENT (No such file or directory)
open("/home/jeff/code/common/lib/tls/libresolv.so.2", O_RDONLY) = -1 ENOENT (No such file or directory)
open("/home/jeff/code/common/lib/x86_64/libresolv.so.2", O_RDONLY) = -1 ENOENT (No such file or directory)
open("/home/jeff/code/common/lib/libresolv.so.2", O_RDONLY) = -1 ENOENT (No such file or directory)
open("/lib/libresolv.so.2", O_RDONLY)   = 3
read(3, "\177ELF\2\1\1\0\0\0\0\0\0\0\0\0\3\0>\0\1\0\0\0P7\0\0\0"..., 832) = 832
fstat(3, {st_mode=S_IFREG|0755, st_size=69672, ...}) = 0
mmap(NULL, 1125096, PROT_READ|PROT_EXEC, MAP_PRIVATE|MAP_DENYWRITE, 3, 0) = 0x2b894cce8000
mprotect(0x2b894ccf8000, 1044480, PROT_NONE) = 0
mmap(0x2b894cdf7000, 8192, PROT_READ|PROT_WRITE, MAP_PRIVATE|MAP_FIXED|MAP_DENYWRITE, 3, 0xf000) = 0x2b894cdf7000
mmap(0x2b894cdf9000, 6888, PROT_READ|PROT_WRITE, MAP_PRIVATE|MAP_FIXED|MAP_ANONYMOUS, -1, 0) = 0x2b894cdf9000
close(3)                                = 0
munmap(0x2b894c0fc000, 94715)           = 0
socket(PF_INET, SOCK_DGRAM, IPPROTO_IP) = 3
connect(3, {sa_family=AF_INET, sin_port=htons(53), sin_addr=inet_addr("192.168.1.110")}, 28) = 0
fcntl(3, F_GETFL)                       = 0x2 (flags O_RDWR)
fcntl(3, F_SETFL, O_RDWR|O_NONBLOCK)    = 0
poll([{fd=3, events=POLLOUT, revents=POLLOUT}], 1, 0) = 1
sendto(3, "\206I\1\0\0\1\0\0\0\0\0\0\3www\16thatonewebpage\3"..., 40, 0, NULL, 0) = 40
poll([{fd=3, events=POLLIN, revents=POLLIN}], 1, 5000) = 1
ioctl(3, FIONREAD, [96])                = 0
recvfrom(3, "\206I\205\200\0\1\0\0\0\1\0\0\3www\16thatonewebpage\3"..., 1024, 0, {sa_family=AF_INET, sin_port=htons(53), sin_addr=inet_addr("192.168.1.110")}, [16]) = 96
close(3)                                = 0
socket(PF_INET, SOCK_DGRAM, IPPROTO_IP) = 3
connect(3, {sa_family=AF_INET, sin_port=htons(53), sin_addr=inet_addr("192.168.1.110")}, 28) = 0
fcntl(3, F_GETFL)                       = 0x2 (flags O_RDWR)
fcntl(3, F_SETFL, O_RDWR|O_NONBLOCK)    = 0
poll([{fd=3, events=POLLOUT, revents=POLLOUT}], 1, 0) = 1
sendto(3, "w\202\1\0\0\1\0\0\0\0\0\0\3www\16thatonewebpage\3"..., 59, 0, NULL, 0) = 59
poll([{fd=3, events=POLLIN, revents=POLLIN}], 1, 5000) = 1
ioctl(3, FIONREAD, [115])               = 0
recvfrom(3, "w\202\205\203\0\1\0\0\0\1\0\0\3www\16thatonewebpage\3"..., 1024, 0, {sa_family=AF_INET, sin_port=htons(53), sin_addr=inet_addr("192.168.1.110")}, [16]) = 115
close(3)                                = 0
socket(PF_INET, SOCK_DGRAM, IPPROTO_IP) = 3
connect(3, {sa_family=AF_INET, sin_port=htons(53), sin_addr=inet_addr("192.168.1.110")}, 28) = 0
fcntl(3, F_GETFL)                       = 0x2 (flags O_RDWR)
fcntl(3, F_SETFL, O_RDWR|O_NONBLOCK)    = 0
poll([{fd=3, events=POLLOUT, revents=POLLOUT}], 1, 0) = 1
sendto(3, "\336\234\1\0\0\1\0\0\0\0\0\0\3www\16thatonewebpage\3"..., 40, 0, NULL, 0) = 40
poll([{fd=3, events=POLLIN, revents=POLLIN}], 1, 5000) = 1
ioctl(3, FIONREAD, [77])                = 0
recvfrom(3, "\336\234\205\200\0\1\0\1\0\1\0\0\3www\16thatonewebpage"..., 1024, 0, {sa_family=AF_INET, sin_port=htons(53), sin_addr=inet_addr("192.168.1.110")}, [16]) = 77
close(3)                                = 0
socket(PF_INET, SOCK_STREAM, IPPROTO_TCP) = 3
fcntl(3, F_GETFL)                       = 0x2 (flags O_RDWR)
fcntl(3, F_SETFL, O_RDWR|O_NONBLOCK)    = 0
connect(3, {sa_family=AF_INET, sin_port=htons(80), sin_addr=inet_addr("192.168.1.110")}, 16) = -1 EINPROGRESS (Operation now in progress)
poll([{fd=3, events=POLLOUT, revents=POLLOUT}], 1, 300000) = 1
getsockopt(3, SOL_SOCKET, SO_ERROR, [17179869184], [4]) = 0
sendto(3, "GET /~jeff/index.html HTTP/1.1\r\n"..., 165, 0, NULL, 0) = 165
poll([{fd=3, events=POLLIN, revents=POLLIN}], 1, 1000) = 1
poll([{fd=3, events=POLLIN, revents=POLLIN}], 1, 0) = 1
recvfrom(3, "HTTP/1.1 200 OK\r\nDate: Tue, 25 J"..., 16384, 0, NULL, NULL) = 352
fstat(1, {st_mode=S_IFREG|0644, st_size=15962, ...}) = 0
mmap(NULL, 131072, PROT_READ|PROT_WRITE, MAP_PRIVATE|MAP_ANONYMOUS, -1, 0) = 0x2b894c0fc000
rt_sigaction(SIGPIPE, {SIG_DFL}, {SIG_IGN}, 8) = 0
write(2, "\n", 1
)                       = 1
ioctl(1, SNDCTL_TMR_TIMEBASE or TCGETS, 0x7fff5e9df540) = -1 ENOTTY (Inappropriate ioctl for device)
rt_sigaction(SIGPIPE, {SIG_IGN}, {SIG_DFL}, 8) = 0
rt_sigprocmask(SIG_BLOCK, NULL, [], 8)  = 0
socket(PF_INET6, SOCK_DGRAM, IPPROTO_IP) = 4
close(4)                                = 0
socket(PF_INET, SOCK_STREAM, IPPROTO_TCP) = 4
fcntl(4, F_GETFL)                       = 0x2 (flags O_RDWR)
fcntl(4, F_SETFL, O_RDWR|O_NONBLOCK)    = 0
connect(4, {sa_family=AF_INET, sin_port=htons(80), sin_addr=inet_addr("0.0.0.2")}, 16) = -1 EINVAL (Invalid argument)
getsockopt(4, SOL_SOCKET, SO_ERROR, [17179869184], [4]) = 0
close(4)                                = 0
rt_sigaction(SIGPIPE, {SIG_DFL}, {SIG_IGN}, 8) = 0
close(3)                                = 0
exit_group(7)                           = ?
Process 4104 detached
